  Material.cpp
G:\_Graphics\_MyWorks\#PBR\Program\BCGL\Material.cpp(19,18): warning C4305: “=”: 从“double”到“float”截断
  Model.cpp
G:\_Graphics\_MyWorks\#PBR\Program\BCGL\Model.cpp(119,53): warning C4244: “=”: 从“double”转换到“float”，可能丢失数据
G:\_Graphics\_MyWorks\#PBR\Program\BCGL\Model.cpp(120,53): warning C4244: “=”: 从“double”转换到“float”，可能丢失数据
G:\_Graphics\_MyWorks\#PBR\Program\BCGL\Model.cpp(121,53): warning C4244: “=”: 从“double”转换到“float”，可能丢失数据
G:\_Graphics\_MyWorks\#PBR\Program\BCGL\Model.cpp(122,53): warning C4244: “=”: 从“double”转换到“float”，可能丢失数据
G:\_Graphics\_MyWorks\#PBR\Program\BCGL\Model.cpp(123,53): warning C4244: “=”: 从“double”转换到“float”，可能丢失数据
G:\_Graphics\_MyWorks\#PBR\Program\BCGL\Model.cpp(124,53): warning C4244: “=”: 从“double”转换到“float”，可能丢失数据
G:\_Graphics\_MyWorks\#PBR\Program\BCGL\Model.cpp(138,53): warning C4244: “=”: 从“double”转换到“float”，可能丢失数据
G:\_Graphics\_MyWorks\#PBR\Program\BCGL\Model.cpp(139,53): warning C4244: “=”: 从“double”转换到“float”，可能丢失数据
G:\_Graphics\_MyWorks\#PBR\Program\BCGL\Model.cpp(140,53): warning C4244: “=”: 从“double”转换到“float”，可能丢失数据
G:\_Graphics\_MyWorks\#PBR\Program\BCGL\Model.cpp(141,53): warning C4244: “=”: 从“double”转换到“float”，可能丢失数据
G:\_Graphics\_MyWorks\#PBR\Program\BCGL\Model.cpp(142,53): warning C4244: “=”: 从“double”转换到“float”，可能丢失数据
G:\_Graphics\_MyWorks\#PBR\Program\BCGL\Model.cpp(143,53): warning C4244: “=”: 从“double”转换到“float”，可能丢失数据
G:\_Graphics\_MyWorks\#PBR\Program\BCGL\Model.cpp(244,48): warning C4244: “=”: 从“double”转换到“int”，可能丢失数据
G:\_Graphics\_MyWorks\#PBR\Program\BCGL\Model.cpp(245,49): warning C4244: “=”: 从“double”转换到“int”，可能丢失数据
G:\_Graphics\_MyWorks\#PBR\Program\BCGL\Model.cpp(246,48): warning C4244: “=”: 从“double”转换到“int”，可能丢失数据
G:\_Graphics\_MyWorks\#PBR\Program\BCGL\Model.cpp(422,17): warning C4101: “pOldPen”: 未引用的局部变量
G:\_Graphics\_MyWorks\#PBR\Program\BCGL\Model.cpp(488,13): warning C4244: “初始化”: 从“double”转换到“int”，可能丢失数据
G:\_Graphics\_MyWorks\#PBR\Program\BCGL\Model.cpp(489,13): warning C4244: “初始化”: 从“double”转换到“int”，可能丢失数据
G:\_Graphics\_MyWorks\#PBR\Program\BCGL\Model.cpp(490,13): warning C4244: “初始化”: 从“double”转换到“int”，可能丢失数据
G:\_Graphics\_MyWorks\#PBR\Program\BCGL\Model.cpp(491,13): warning C4244: “初始化”: 从“double”转换到“int”，可能丢失数据
G:\_Graphics\_MyWorks\#PBR\Program\BCGL\Model.cpp(500,51): warning C4244: “参数”: 从“double”转换到“float”，可能丢失数据
G:\_Graphics\_MyWorks\#PBR\Program\BCGL\Model.cpp(500,35): warning C4244: “参数”: 从“double”转换到“float”，可能丢失数据
G:\_Graphics\_MyWorks\#PBR\Program\BCGL\Model.cpp(601,13): warning C4244: “初始化”: 从“double”转换到“int”，可能丢失数据
G:\_Graphics\_MyWorks\#PBR\Program\BCGL\Model.cpp(602,13): warning C4244: “初始化”: 从“double”转换到“int”，可能丢失数据
G:\_Graphics\_MyWorks\#PBR\Program\BCGL\Model.cpp(603,13): warning C4244: “初始化”: 从“double”转换到“int”，可能丢失数据
G:\_Graphics\_MyWorks\#PBR\Program\BCGL\Model.cpp(604,13): warning C4244: “初始化”: 从“double”转换到“int”，可能丢失数据
G:\_Graphics\_MyWorks\#PBR\Program\BCGL\Model.cpp(613,51): warning C4244: “参数”: 从“double”转换到“float”，可能丢失数据
G:\_Graphics\_MyWorks\#PBR\Program\BCGL\Model.cpp(613,35): warning C4244: “参数”: 从“double”转换到“float”，可能丢失数据
G:\_Graphics\_MyWorks\#PBR\Program\BCGL\Model.cpp(685,40): warning C4244: “参数”: 从“double”转换到“float”，可能丢失数据
G:\_Graphics\_MyWorks\#PBR\Program\BCGL\Model.cpp(691,42): warning C4244: “参数”: 从“double”转换到“float”，可能丢失数据
G:\_Graphics\_MyWorks\#PBR\Program\BCGL\Model.cpp(762,13): warning C4244: “初始化”: 从“double”转换到“int”，可能丢失数据
G:\_Graphics\_MyWorks\#PBR\Program\BCGL\Model.cpp(763,13): warning C4244: “初始化”: 从“double”转换到“int”，可能丢失数据
G:\_Graphics\_MyWorks\#PBR\Program\BCGL\Model.cpp(764,13): warning C4244: “初始化”: 从“double”转换到“int”，可能丢失数据
G:\_Graphics\_MyWorks\#PBR\Program\BCGL\Model.cpp(765,13): warning C4244: “初始化”: 从“double”转换到“int”，可能丢失数据
G:\_Graphics\_MyWorks\#PBR\Program\BCGL\Model.cpp(774,51): warning C4244: “参数”: 从“double”转换到“float”，可能丢失数据
G:\_Graphics\_MyWorks\#PBR\Program\BCGL\Model.cpp(774,35): warning C4244: “参数”: 从“double”转换到“float”，可能丢失数据
G:\_Graphics\_MyWorks\#PBR\Program\BCGL\Model.cpp(846,40): warning C4244: “参数”: 从“double”转换到“float”，可能丢失数据
G:\_Graphics\_MyWorks\#PBR\Program\BCGL\Model.cpp(852,42): warning C4244: “参数”: 从“double”转换到“float”，可能丢失数据
  ProgramView.cpp
G:\_Graphics\_MyWorks\#PBR\Program\ProgramView.cpp(456,19): warning C4244: “=”: 从“double”转换到“float”，可能丢失数据
G:\_Graphics\_MyWorks\#PBR\Program\ProgramView.cpp(613,25): warning C4305: “=”: 从“double”到“float”截断
G:\_Graphics\_MyWorks\#PBR\Program\ProgramView.cpp(646,26): warning C4305: “=”: 从“double”到“float”截断
  正在生成代码
  Previous IPDB not found, fall back to full compilation.
G:\_Graphics\_MyWorks\#PBR\Program\BCGL\Skybox.cpp(442): warning C4715: “CSkybox::SamplePftCubeMap”: 不是所有的控件路径都返回值
G:\_Graphics\_MyWorks\#PBR\Program\BCGL\Skybox.cpp(235): warning C4715: “CSkybox::SampleIrrCubeMap”: 不是所有的控件路径都返回值
  All 717 functions were compiled because no usable IPDB/IOBJ from previous compilation was found.
  已完成代码的生成
  Program.vcxproj -> G:\_Graphics\_MyWorks\#PBR\x64\Release\Program.exe
